{
  "stats": {
    "suites": 5,
    "tests": 8,
    "passes": 7,
    "pending": 0,
    "failures": 1,
    "start": "2021-11-25T10:28:14.452Z",
    "end": "2021-11-25T10:29:11.312Z",
    "duration": 22291,
    "testsRegistered": 8,
    "passPercent": 87.5,
    "pendingPercent": 0,
    "other": 0,
    "hasOther": false,
    "skipped": 0,
    "hasSkipped": false
  },
  "results": [
    {
      "uuid": "831855a6-e14f-4b05-8aab-9d84a9373637",
      "title": "",
      "fullFile": "cypress/integration/ApiTesting.js",
      "file": "cypress/integration/ApiTesting.js",
      "beforeHooks": [],
      "afterHooks": [],
      "tests": [],
      "suites": [
        {
          "uuid": "406ca81c-cc8a-4bd9-b7cb-b04ec8539ac3",
          "title": "Api Testing",
          "fullFile": "",
          "file": "",
          "beforeHooks": [],
          "afterHooks": [],
          "tests": [
            {
              "title": "GET request test",
              "fullTitle": "Api Testing GET request test",
              "timedOut": null,
              "duration": 395,
              "state": "passed",
              "speed": "fast",
              "pass": true,
              "fail": false,
              "pending": false,
              "context": null,
              "code": "cy.request('GET', 'https://reqres.in/api/users?page=2').then(response => {\n  expect(response).to.not.have.property('status', 201);\n  expect(response).to.have.property('status', 200);\n});",
              "err": {},
              "uuid": "1db1f939-66f5-4778-adf0-484fba3f3e60",
              "parentUUID": "406ca81c-cc8a-4bd9-b7cb-b04ec8539ac3",
              "isHook": false,
              "skipped": false
            }
          ],
          "suites": [],
          "passes": [
            "1db1f939-66f5-4778-adf0-484fba3f3e60"
          ],
          "failures": [],
          "pending": [],
          "skipped": [],
          "duration": 395,
          "root": false,
          "rootEmpty": false,
          "_timeout": 2000
        }
      ],
      "passes": [],
      "failures": [],
      "pending": [],
      "skipped": [],
      "duration": 0,
      "root": true,
      "rootEmpty": true,
      "_timeout": 2000
    },
    {
      "uuid": "bc36dfdd-3cfa-4f92-a77f-0635c1dd9abf",
      "title": "",
      "fullFile": "cypress/integration/EnvironmentThings/env.js",
      "file": "cypress/integration/EnvironmentThings/env.js",
      "beforeHooks": [],
      "afterHooks": [],
      "tests": [],
      "suites": [
        {
          "uuid": "80c09f11-3ef7-4271-a6f6-934aaf887302",
          "title": "Environment Tests",
          "fullFile": "",
          "file": "",
          "beforeHooks": [],
          "afterHooks": [],
          "tests": [
            {
              "title": "Test 1",
              "fullTitle": "Environment Tests Test 1",
              "timedOut": null,
              "duration": 1471,
              "state": "passed",
              "speed": "fast",
              "pass": true,
              "fail": false,
              "pending": false,
              "context": null,
              "code": "cy.log('Tesing..');",
              "err": {},
              "uuid": "77a82f36-0da1-4e67-93b0-958c989818df",
              "parentUUID": "80c09f11-3ef7-4271-a6f6-934aaf887302",
              "isHook": false,
              "skipped": false
            },
            {
              "title": "Test 2",
              "fullTitle": "Environment Tests Test 2",
              "timedOut": null,
              "duration": 2159,
              "state": "passed",
              "speed": "fast",
              "pass": true,
              "fail": false,
              "pending": false,
              "context": null,
              "code": "cy.log('Tesing..');",
              "err": {},
              "uuid": "53a83528-1565-450c-9dbe-181b0119574f",
              "parentUUID": "80c09f11-3ef7-4271-a6f6-934aaf887302",
              "isHook": false,
              "skipped": false
            },
            {
              "title": "Test 3",
              "fullTitle": "Environment Tests Test 3",
              "timedOut": null,
              "duration": 2737,
              "state": "passed",
              "speed": "fast",
              "pass": true,
              "fail": false,
              "pending": false,
              "context": null,
              "code": "cy.log('Tesing..');",
              "err": {},
              "uuid": "60e76b6b-a2d5-480e-9487-6acbc2aa75e9",
              "parentUUID": "80c09f11-3ef7-4271-a6f6-934aaf887302",
              "isHook": false,
              "skipped": false
            },
            {
              "title": "Test 4",
              "fullTitle": "Environment Tests Test 4",
              "timedOut": null,
              "duration": 1888,
              "state": "passed",
              "speed": "fast",
              "pass": true,
              "fail": false,
              "pending": false,
              "context": null,
              "code": "cy.log('Tesing..');",
              "err": {},
              "uuid": "e59c6d1f-bf16-4ba4-becd-c8ddb6bed287",
              "parentUUID": "80c09f11-3ef7-4271-a6f6-934aaf887302",
              "isHook": false,
              "skipped": false
            }
          ],
          "suites": [],
          "passes": [
            "77a82f36-0da1-4e67-93b0-958c989818df",
            "53a83528-1565-450c-9dbe-181b0119574f",
            "60e76b6b-a2d5-480e-9487-6acbc2aa75e9",
            "e59c6d1f-bf16-4ba4-becd-c8ddb6bed287"
          ],
          "failures": [],
          "pending": [],
          "skipped": [],
          "duration": 8255,
          "root": false,
          "rootEmpty": false,
          "_timeout": 2000
        }
      ],
      "passes": [],
      "failures": [],
      "pending": [],
      "skipped": [],
      "duration": 0,
      "root": true,
      "rootEmpty": true,
      "_timeout": 2000
    },
    {
      "uuid": "bdf4158f-efdc-4b75-9915-1b18a0fbca47",
      "title": "",
      "fullFile": "cypress/integration/MultipleElementSelect.js",
      "file": "cypress/integration/MultipleElementSelect.js",
      "beforeHooks": [],
      "afterHooks": [],
      "tests": [],
      "suites": [
        {
          "uuid": "37c2749b-3503-49f2-bc58-6f456a48c09e",
          "title": "Test multiple element select",
          "fullFile": "",
          "file": "",
          "beforeHooks": [],
          "afterHooks": [],
          "tests": [
            {
              "title": "Test",
              "fullTitle": "Test multiple element select Test",
              "timedOut": null,
              "duration": 6118,
              "state": "passed",
              "speed": "medium",
              "pass": true,
              "fail": false,
              "pending": false,
              "context": null,
              "code": "cy.visit('https://www.saucedemo.com/');\ncy.get('#user-name').type('standard_user');\ncy.get('#password').type('secret_sauce');\ncy.get('[type=submit]').click();\ncy.get('.inventory_item_label').each(function ($el, index, $list) {\n  cy.get($el).click();\n});",
              "err": {},
              "uuid": "82c2eae9-012f-4f68-aded-8407a080e0a1",
              "parentUUID": "37c2749b-3503-49f2-bc58-6f456a48c09e",
              "isHook": false,
              "skipped": false
            }
          ],
          "suites": [],
          "passes": [
            "82c2eae9-012f-4f68-aded-8407a080e0a1"
          ],
          "failures": [],
          "pending": [],
          "skipped": [],
          "duration": 6118,
          "root": false,
          "rootEmpty": false,
          "_timeout": 2000
        }
      ],
      "passes": [],
      "failures": [],
      "pending": [],
      "skipped": [],
      "duration": 0,
      "root": true,
      "rootEmpty": true,
      "_timeout": 2000
    },
    {
      "uuid": "668751ad-40fc-4a7e-bffe-227e2bd37164",
      "title": "",
      "fullFile": "cypress/integration/NewTest.js",
      "file": "cypress/integration/NewTest.js",
      "beforeHooks": [],
      "afterHooks": [],
      "tests": [],
      "suites": [
        {
          "uuid": "5292e7d3-fa40-42ff-9283-22dd080f330a",
          "title": "Get Text from element",
          "fullFile": "",
          "file": "",
          "beforeHooks": [],
          "afterHooks": [],
          "tests": [
            {
              "title": "get the text",
              "fullTitle": "Get Text from element get the text",
              "timedOut": null,
              "duration": 1789,
              "state": "passed",
              "speed": "fast",
              "pass": true,
              "fail": false,
              "pending": false,
              "context": null,
              "code": "cy.visit('https://the-internet.herokuapp.com/javascript_alerts');\ncy.get('h3').then($pageTitle => {\n  const pageTitle = $pageTitle.text();\n  cy.log(pageTitle);\n  expect(pageTitle).to.match(/Java/);\n});",
              "err": {},
              "uuid": "287ba4ff-a116-40c7-ab09-2b588aeac6fd",
              "parentUUID": "5292e7d3-fa40-42ff-9283-22dd080f330a",
              "isHook": false,
              "skipped": false
            }
          ],
          "suites": [],
          "passes": [
            "287ba4ff-a116-40c7-ab09-2b588aeac6fd"
          ],
          "failures": [],
          "pending": [],
          "skipped": [],
          "duration": 1789,
          "root": false,
          "rootEmpty": false,
          "_timeout": 2000
        }
      ],
      "passes": [],
      "failures": [],
      "pending": [],
      "skipped": [],
      "duration": 0,
      "root": true,
      "rootEmpty": true,
      "_timeout": 2000
    },
    {
      "uuid": "4bc325a9-73c8-4a73-8e0f-1eadc3dfbbdd",
      "title": "",
      "fullFile": "cypress/integration/Test.spec.js",
      "file": "cypress/integration/Test.spec.js",
      "beforeHooks": [],
      "afterHooks": [],
      "tests": [],
      "suites": [
        {
          "uuid": "d2c52002-0aca-47c1-ad7b-4b0bff3ae3d8",
          "title": "Google test",
          "fullFile": "",
          "file": "",
          "beforeHooks": [],
          "afterHooks": [],
          "tests": [
            {
              "title": "Simple search on google website",
              "fullTitle": "Google test Simple search on google website",
              "timedOut": null,
              "duration": 5734,
              "state": "failed",
              "speed": null,
              "pass": false,
              "fail": true,
              "pending": false,
              "context": null,
              "code": "cy.visit('http://www.google.com');\ncy.title().should('contain', 'Google');\ncy.get('.gLFyf').type('ps5');\ncy.get('.FPdoLc > center > .gNO89b').type('{enter}', {\n  force: true\n});\ncy.get('.hdtb-msel').should('be.visible');",
              "err": {
                "message": "CypressError: Timed out retrying after 4000ms: `cy.type()` failed because this element:\n\n`<input class=\"gLFyf gsfi\" jsaction=\"paste:puy29d;\" maxlength=\"2048\" name=\"q\" type=\"text\" aria-autocomplete=\"both\" aria-haspopup=\"false\" autocapitalize=\"off\" autocomplete=\"off\" autocorrect=\"off\" autofocus=\"\" role=\"combobox\" spellcheck=\"false\" title=\"Search\" value=\"\" aria-label=\"Search\" data-ved=\"0ahUKEwj-zaSNp7P0AhUEy4UKHQfmC4AQ39UDCAY\">`\n\nis being covered by another element:\n\n`<li class=\"gowsYd DdTYud\">Measure...</li>`\n\nFix this problem, or use {force: true} to disable error checking.\n\nhttps://on.cypress.io/element-cannot-be-interacted-with",
                "estack": "CypressError: Timed out retrying after 4000ms: `cy.type()` failed because this element:\n\n`<input class=\"gLFyf gsfi\" jsaction=\"paste:puy29d;\" maxlength=\"2048\" name=\"q\" type=\"text\" aria-autocomplete=\"both\" aria-haspopup=\"false\" autocapitalize=\"off\" autocomplete=\"off\" autocorrect=\"off\" autofocus=\"\" role=\"combobox\" spellcheck=\"false\" title=\"Search\" value=\"\" aria-label=\"Search\" data-ved=\"0ahUKEwj-zaSNp7P0AhUEy4UKHQfmC4AQ39UDCAY\">`\n\nis being covered by another element:\n\n`<li class=\"gowsYd DdTYud\">Measure...</li>`\n\nFix this problem, or use {force: true} to disable error checking.\n\nhttps://on.cypress.io/element-cannot-be-interacted-with\n    at $Cy.ensureDescendents (https://www.google.com/__cypress/runner/cypress_runner.js:162833:87)\n    at ensureDescendents (https://www.google.com/__cypress/runner/cypress_runner.js:149605:8)\n    at ensureDescendentsAndScroll (https://www.google.com/__cypress/runner/cypress_runner.js:149612:14)\n    at ensureElIsNotCovered (https://www.google.com/__cypress/runner/cypress_runner.js:149746:5)\n    at runAllChecks (https://www.google.com/__cypress/runner/cypress_runner.js:149936:52)\n    at retryActionability (https://www.google.com/__cypress/runner/cypress_runner.js:149960:16)\n    at tryCatcher (https://www.google.com/__cypress/runner/cypress_runner.js:13212:23)\n    at Function.Promise.attempt.Promise.try (https://www.google.com/__cypress/runner/cypress_runner.js:10486:29)\n    at tryFn (https://www.google.com/__cypress/runner/cypress_runner.js:167495:61)\n    at whenStable (https://www.google.com/__cypress/runner/cypress_runner.js:167534:14)\n    at https://www.google.com/__cypress/runner/cypress_runner.js:167021:18\n    at tryCatcher (https://www.google.com/__cypress/runner/cypress_runner.js:13212:23)\n    at Promise._settlePromiseFromHandler (https://www.google.com/__cypress/runner/cypress_runner.js:11147:31)\n    at Promise._settlePromise (https://www.google.com/__cypress/runner/cypress_runner.js:11204:18)\n    at Promise._settlePromise0 (https://www.google.com/__cypress/runner/cypress_runner.js:11249:10)\n    at Promise._settlePromises (https://www.google.com/__cypress/runner/cypress_runner.js:11329:18)\nFrom Your Spec Code:\n    at Context.eval (https://www.google.com/__cypress/tests?p=cypress/integration/Test.spec.js:103:22)",
                "diff": null
              },
              "uuid": "195e1465-af54-483d-8400-7931622eef43",
              "parentUUID": "d2c52002-0aca-47c1-ad7b-4b0bff3ae3d8",
              "isHook": false,
              "skipped": false
            }
          ],
          "suites": [],
          "passes": [],
          "failures": [
            "195e1465-af54-483d-8400-7931622eef43"
          ],
          "pending": [],
          "skipped": [],
          "duration": 5734,
          "root": false,
          "rootEmpty": false,
          "_timeout": 2000
        }
      ],
      "passes": [],
      "failures": [],
      "pending": [],
      "skipped": [],
      "duration": 0,
      "root": true,
      "rootEmpty": true,
      "_timeout": 2000
    }
  ],
  "meta": {
    "mocha": {
      "version": "7.0.1"
    },
    "mochawesome": {
      "options": {
        "quiet": false,
        "reportFilename": "mochawesome",
        "saveHtml": false,
        "saveJson": true,
        "consoleReporter": "spec",
        "useInlineDiffs": false,
        "code": true
      },
      "version": "7.0.1"
    },
    "marge": {
      "options": {
        "id": "default",
        "reportDir": "cypress/results/mochawesome",
        "quite": true,
        "overwrite": false,
        "html": false,
        "json": true
      },
      "version": "6.0.1"
    }
  }
}