{
  "stats": {
    "suites": 1,
    "tests": 4,
    "passes": 4,
    "pending": 0,
    "failures": 0,
    "start": "2021-11-23T00:59:33.204Z",
    "end": "2021-11-23T00:59:40.850Z",
    "duration": 7646,
    "testsRegistered": 4,
    "passPercent": 100,
    "pendingPercent": 0,
    "other": 0,
    "hasOther": false,
    "skipped": 0,
    "hasSkipped": false
  },
  "results": [
    {
      "uuid": "a1d0e6e1-bf67-42c0-bfbc-56e12b7ae47f",
      "title": "",
      "fullFile": "cypress/integration/EnvironmentThings/env.js",
      "file": "cypress/integration/EnvironmentThings/env.js",
      "beforeHooks": [],
      "afterHooks": [],
      "tests": [],
      "suites": [
        {
          "uuid": "60f4f1f2-c0f0-42ac-a3ce-cc20cb484beb",
          "title": "Environment Tests",
          "fullFile": "",
          "file": "",
          "beforeHooks": [],
          "afterHooks": [],
          "tests": [
            {
              "title": "Test 1",
              "fullTitle": "Environment Tests Test 1",
              "timedOut": null,
              "duration": 816,
              "state": "passed",
              "speed": "fast",
              "pass": true,
              "fail": false,
              "pending": false,
              "context": null,
              "code": "cy.log('Tesing..');",
              "err": {},
              "uuid": "3e2aa6d1-1456-4f03-aba2-3ffe03258a16",
              "parentUUID": "60f4f1f2-c0f0-42ac-a3ce-cc20cb484beb",
              "isHook": false,
              "skipped": false
            },
            {
              "title": "Test 2",
              "fullTitle": "Environment Tests Test 2",
              "timedOut": null,
              "duration": 1733,
              "state": "passed",
              "speed": "fast",
              "pass": true,
              "fail": false,
              "pending": false,
              "context": null,
              "code": "cy.log('Tesing..');",
              "err": {},
              "uuid": "e6f35209-d0a8-4035-b030-7cde450f6735",
              "parentUUID": "60f4f1f2-c0f0-42ac-a3ce-cc20cb484beb",
              "isHook": false,
              "skipped": false
            },
            {
              "title": "Test 3",
              "fullTitle": "Environment Tests Test 3",
              "timedOut": null,
              "duration": 1327,
              "state": "passed",
              "speed": "fast",
              "pass": true,
              "fail": false,
              "pending": false,
              "context": null,
              "code": "cy.log('Tesing..');",
              "err": {},
              "uuid": "1a5f5efc-65a6-411e-965f-3531925d0865",
              "parentUUID": "60f4f1f2-c0f0-42ac-a3ce-cc20cb484beb",
              "isHook": false,
              "skipped": false
            },
            {
              "title": "Test 4",
              "fullTitle": "Environment Tests Test 4",
              "timedOut": null,
              "duration": 876,
              "state": "passed",
              "speed": "fast",
              "pass": true,
              "fail": false,
              "pending": false,
              "context": null,
              "code": "cy.log('Tesing..');",
              "err": {},
              "uuid": "beb49e13-50bf-46ce-8aa7-ab470fd0fc95",
              "parentUUID": "60f4f1f2-c0f0-42ac-a3ce-cc20cb484beb",
              "isHook": false,
              "skipped": false
            }
          ],
          "suites": [],
          "passes": [
            "3e2aa6d1-1456-4f03-aba2-3ffe03258a16",
            "e6f35209-d0a8-4035-b030-7cde450f6735",
            "1a5f5efc-65a6-411e-965f-3531925d0865",
            "beb49e13-50bf-46ce-8aa7-ab470fd0fc95"
          ],
          "failures": [],
          "pending": [],
          "skipped": [],
          "duration": 4752,
          "root": false,
          "rootEmpty": false,
          "_timeout": 2000
        }
      ],
      "passes": [],
      "failures": [],
      "pending": [],
      "skipped": [],
      "duration": 0,
      "root": true,
      "rootEmpty": true,
      "_timeout": 2000
    }
  ],
  "meta": {
    "mocha": {
      "version": "7.0.1"
    },
    "mochawesome": {
      "options": {
        "quiet": false,
        "reportFilename": "mochawesome",
        "saveHtml": false,
        "saveJson": true,
        "consoleReporter": "spec",
        "useInlineDiffs": false,
        "code": true
      },
      "version": "7.0.1"
    },
    "marge": {
      "options": {
        "id": "default",
        "reportDir": "cypress/results/mochawesome",
        "quite": true,
        "overwrite": false,
        "html": false,
        "json": true
      },
      "version": "6.0.1"
    }
  }
}